Arguments: 
  C:\Program Files\nodejs\node.exe C:\Users\xzhang1.abcft\AppData\Roaming\npm\node_modules\yarn\bin\yarn.js add webpack-dev-serve --save-dev

PATH: 
  C:\Windows\system32;C:\Windows;C:\Windows\System32\Wbem;C:\Windows\System32\WindowsPowerShell\v1.0\;C:\Program Files\nodejs\;C:\Users\xzhang1.abcft\AppData\Roaming\npm

Yarn version: 
  1.9.4

Node version: 
  8.11.3

Platform: 
  win32 x64

Trace: 
  Error: https://registry.yarnpkg.com/webpack-dev-serve: Not found
      at Request.params.callback [as _callback] (C:\Users\xzhang1.abcft\AppData\Roaming\npm\node_modules\yarn\lib\cli.js:64202:18)
      at Request.self.callback (C:\Users\xzhang1.abcft\AppData\Roaming\npm\node_modules\yarn\lib\cli.js:137468:22)
      at emitTwo (events.js:126:13)
      at Request.emit (events.js:214:7)
      at Request.<anonymous> (C:\Users\xzhang1.abcft\AppData\Roaming\npm\node_modules\yarn\lib\cli.js:138440:10)
      at emitOne (events.js:116:13)
      at Request.emit (events.js:211:7)
      at IncomingMessage.<anonymous> (C:\Users\xzhang1.abcft\AppData\Roaming\npm\node_modules\yarn\lib\cli.js:138362:12)
      at Object.onceWrapper (events.js:313:30)
      at emitNone (events.js:111:20)

npm manifest: 
  {
    "name": "webpackdemo",
    "version": "1.0.0",
    "description": "",
    "main": "index.js",
    "scripts": {
      "test": "echo \"Error: no test specified\" && exit 1"
    },
    "keywords": [],
    "author": "",
    "license": "ISC",
    "devDependencies": {
      "clean-webpack-plugin": "^0.1.19",
      "css-loader": "^1.0.0",
      "file-loader": "^1.1.11",
      "html-webpack-plugin": "^3.2.0",
      "style-loader": "^0.22.1",
      "url-loader": "^1.1.1",
      "webpack": "^4.16.5",
      "webpack-cli": "^3.1.0"
    },
    "dependencies": {
      "jquery": "^3.3.1"
    }
  }

yarn manifest: 
  No manifest

Lockfile: 
  No lockfile
